The number of processes are: 5
proc 3: i: 0, 3.000000
proc 3: i: 1, 3.010000
proc 3: i: 2, 3.020000
proc 3: i: 3, 3.030000
proc 3: i: 4, 3.040000
The number of processes are: 5
World rank creating matrix
The elements are: 0.000000 0.010000 0.020000 0.030000 0.040000 
proc 0: i: 0, 0.000000
proc 0: i: 1, 0.010000
proc 0: i: 2, 0.020000
proc 0: i: 3, 0.030000
proc 0: i: 4, 0.040000
Time taken: 0.000181 seconds

The number of processes are: 5
proc 2: i: 0, 2.000000
proc 2: i: 1, 2.010000
proc 2: i: 2, 2.020000
proc 2: i: 3, 2.030000
proc 2: i: 4, 2.040000
The number of processes are: 5
proc 1: i: 0, 1.000000
proc 1: i: 1, 1.010000
proc 1: i: 2, 1.020000
proc 1: i: 3, 1.030000
proc 1: i: 4, 1.040000
The number of processes are: 5
proc 4: i: 0, 4.000000
proc 4: i: 1, 4.010000
proc 4: i: 2, 4.020000
proc 4: i: 3, 4.030000
proc 4: i: 4, 4.040000
